.sst/platform/src/components/aws/analog.ts(471,18): error TS2340: Only public and protected methods of the base class are accessible via the 'super' keyword.
.sst/platform/src/components/aws/apigatewayv1.ts(1356,39): error TS2802: Type 'Set<string>' can only be iterated through when using the '--downlevelIteration' flag or with a '--target' of 'es2015' or higher.
.sst/platform/src/components/aws/astro.ts(514,18): error TS2340: Only public and protected methods of the base class are accessible via the 'super' keyword.
.sst/platform/src/components/aws/cdn.ts(432,39): error TS2802: Type 'ArrayIterator<[number, string]>' can only be iterated through when using the '--downlevelIteration' flag or with a '--target' of 'es2015' or higher.
.sst/platform/src/components/aws/nextjs.ts(986,18): error TS2340: Only public and protected methods of the base class are accessible via the 'super' keyword.
.sst/platform/src/components/aws/nextjs.ts(994,16): error TS2340: Only public and protected methods of the base class are accessible via the 'super' keyword.
.sst/platform/src/components/aws/nuxt.ts(529,18): error TS2340: Only public and protected methods of the base class are accessible via the 'super' keyword.
.sst/platform/src/components/aws/react.ts(513,18): error TS2340: Only public and protected methods of the base class are accessible via the 'super' keyword.
.sst/platform/src/components/aws/remix.ts(585,18): error TS2340: Only public and protected methods of the base class are accessible via the 'super' keyword.
.sst/platform/src/components/aws/solid-start.ts(475,18): error TS2340: Only public and protected methods of the base class are accessible via the 'super' keyword.
.sst/platform/src/components/aws/ssr-site.ts(1873,39): error TS2802: Type 'string | UnwrappedArray<string>' can only be iterated through when using the '--downlevelIteration' flag or with a '--target' of 'es2015' or higher.
.sst/platform/src/components/aws/svelte-kit.ts(496,18): error TS2340: Only public and protected methods of the base class are accessible via the 'super' keyword.
.sst/platform/src/components/aws/tan-stack-start.ts(425,18): error TS2340: Only public and protected methods of the base class are accessible via the 'super' keyword.
.sst/platform/src/components/cloudflare/experimental/astro.ts(231,18): error TS2340: Only public and protected methods of the base class are accessible via the 'super' keyword.
.sst/platform/src/components/cloudflare/experimental/solid-start.ts(234,18): error TS2340: Only public and protected methods of the base class are accessible via the 'super' keyword.
app/[domain]/admin/results/generate/page.tsx(71,9): error TS2353: Object literal may only specify known properties, and 'content' does not exist in type 'UseReactToPrintOptions'.
app/[domain]/admin/results/generate/page.tsx(142,33): error TS2322: Type '{ data: ResultData; schoolName: string; schoolLogo: string; }' is not assignable to type 'IntrinsicAttributes & { data: ResultData; }'.
  Property 'schoolName' does not exist on type 'IntrinsicAttributes & { data: ResultData; }'.
app/[domain]/dashboard/admin/calendar/page.tsx(6,13): error TS2339: Property 'success' does not exist on type 'never[] | { success: boolean; events: SchoolEvent[]; }'.
app/[domain]/dashboard/admin/calendar/page.tsx(6,22): error TS2339: Property 'events' does not exist on type 'never[] | { success: boolean; events: SchoolEvent[]; }'.
app/[domain]/dashboard/admin/finance/config/page.tsx(27,69): error TS18047: 'profile' is possibly 'null'.
app/[domain]/dashboard/admin/finance/config/page.tsx(28,69): error TS18047: 'profile' is possibly 'null'.
app/[domain]/dashboard/admin/finance/config/page.tsx(29,67): error TS18047: 'profile' is possibly 'null'.
app/[domain]/dashboard/admin/finance/config/page.tsx(30,72): error TS18047: 'profile' is possibly 'null'.
app/[domain]/dashboard/assessments/page.tsx(8,14): error TS2739: Type '{}' is missing the following properties from type 'BuilderContainerProps': classId, subjectId
app/[domain]/dashboard/billing/download-invoice-button.tsx(78,21): error TS2339: Property 'setLineDash' does not exist on type 'jsPDF'.
app/[domain]/dashboard/billing/download-invoice-button.tsx(80,21): error TS2339: Property 'setLineDash' does not exist on type 'jsPDF'.
app/[domain]/dashboard/bursar/finance/config/page.tsx(27,69): error TS18047: 'profile' is possibly 'null'.
app/[domain]/dashboard/bursar/finance/config/page.tsx(28,69): error TS18047: 'profile' is possibly 'null'.
app/[domain]/dashboard/bursar/finance/config/page.tsx(29,67): error TS18047: 'profile' is possibly 'null'.
app/[domain]/dashboard/bursar/finance/config/page.tsx(30,72): error TS18047: 'profile' is possibly 'null'.
app/[domain]/dashboard/calendar/page.tsx(6,5): error TS2724: '"lucide-react"' has no exported member named 'clock'. Did you mean 'Clock'?
app/[domain]/dashboard/finance/revenue-recovery/page.tsx(32,31): error TS2554: Expected 3 arguments, but got 2.
app/[domain]/dashboard/settings/branding/branding-form.tsx(87,17): error TS2322: Type 'string | null' is not assignable to type 'string | undefined'.
  Type 'null' is not assignable to type 'string | undefined'.
app/[domain]/dashboard/student/page.tsx(32,17): error TS2322: Type 'boolean | undefined' is not assignable to type 'boolean'.
  Type 'undefined' is not assignable to type 'boolean'.
app/[domain]/dashboard/teacher/gradebook/page.tsx(75,14): error TS2739: Type '{ initialGrades: { id: any; student_id: any; student_name: any; ca1: any; ca2: any; exam: any; total: any; grade: any; remarks: any; is_locked: any; subject_id: string; class_id: string; term: string; session: string; }[]; classId: string; subjectId: string; }' is missing the following properties from type 'GradeEntryGridProps': domain, term, session
app/[domain]/parent/results/[student_id]/page.tsx(160,29): error TS2322: Type '{ data: any; schoolName: any; schoolLogo: any; }' is not assignable to type 'IntrinsicAttributes & { data: ResultData; }'.
  Property 'schoolName' does not exist on type 'IntrinsicAttributes & { data: ResultData; }'.
app/api/student/search/route.ts(59,11): error TS7034: Variable 'results' implicitly has type 'any[]' in some locations where its type cannot be determined.
app/api/student/search/route.ts(88,41): error TS7005: Variable 'results' implicitly has an 'any[]' type.
components/admin/curriculum/milestone-form.tsx(46,9): error TS2322: Type 'Resolver<{ subject: string; topic: string; grade_level: string; week_range: string; status: "completed" | "locked" | "in-progress"; progress_percent?: unknown; }, any, { subject: string; topic: string; grade_level: string; week_range: string; status: "completed" | ... 1 more ... | "in-progress"; progress_percent: nu...' is not assignable to type 'Resolver<{ subject: string; topic: string; grade_level: string; week_range: string; status: "completed" | "locked" | "in-progress"; progress_percent: number; }, any, { subject: string; topic: string; grade_level: string; week_range: string; status: "completed" | ... 1 more ... | "in-progress"; progress_percent: numb...'.
  Types of parameters 'options' and 'options' are incompatible.
    Type 'ResolverOptions<{ subject: string; topic: string; grade_level: string; week_range: string; status: "completed" | "locked" | "in-progress"; progress_percent: number; }>' is not assignable to type 'ResolverOptions<{ subject: string; topic: string; grade_level: string; week_range: string; status: "completed" | "locked" | "in-progress"; progress_percent?: unknown; }>'.
      Type 'unknown' is not assignable to type 'number'.
components/admin/curriculum/milestone-form.tsx(122,55): error TS2345: Argument of type '(values: { subject: string; topic: string; grade_level: string; week_range: string; status: "completed" | "locked" | "in-progress"; progress_percent: number; }) => Promise<void>' is not assignable to parameter of type 'SubmitHandler<TFieldValues>'.
  Types of parameters 'values' and 'data' are incompatible.
    Type 'TFieldValues' is not assignable to type '{ subject: string; topic: string; grade_level: string; week_range: string; status: "completed" | "locked" | "in-progress"; progress_percent: number; }'.
      Type 'FieldValues' is missing the following properties from type '{ subject: string; topic: string; grade_level: string; week_range: string; status: "completed" | "locked" | "in-progress"; progress_percent: number; }': subject, topic, grade_level, week_range, and 2 more.
components/admin/curriculum/milestone-form.tsx(125,33): error TS2322: Type 'Control<{ subject: string; topic: string; grade_level: string; week_range: string; status: "completed" | "locked" | "in-progress"; progress_percent: number; }, any, TFieldValues>' is not assignable to type 'Control<{ subject: string; topic: string; grade_level: string; week_range: string; status: "completed" | "locked" | "in-progress"; progress_percent: number; }, any, { subject: string; topic: string; grade_level: string; week_range: string; status: "completed" | ... 1 more ... | "in-progress"; progress_percent: numbe...'.
  The types of '_options.resolver' are incompatible between these types.
    Type 'Resolver<{ subject: string; topic: string; grade_level: string; week_range: string; status: "completed" | "locked" | "in-progress"; progress_percent: number; }, any, TFieldValues> | undefined' is not assignable to type 'Resolver<{ subject: string; topic: string; grade_level: string; week_range: string; status: "completed" | "locked" | "in-progress"; progress_percent: number; }, any, { subject: string; topic: string; grade_level: string; week_range: string; status: "completed" | ... 1 more ... | "in-progress"; progress_percent: numb...'.
      Type 'Resolver<{ subject: string; topic: string; grade_level: string; week_range: string; status: "completed" | "locked" | "in-progress"; progress_percent: number; }, any, TFieldValues>' is not assignable to type 'Resolver<{ subject: string; topic: string; grade_level: string; week_range: string; status: "completed" | "locked" | "in-progress"; progress_percent: number; }, any, { subject: string; topic: string; grade_level: string; week_range: string; status: "completed" | ... 1 more ... | "in-progress"; progress_percent: numb...'.
        Type 'ResolverResult<{ subject: string; topic: string; grade_level: string; week_range: string; status: "completed" | "locked" | "in-progress"; progress_percent: number; }, TFieldValues> | Promise<...>' is not assignable to type 'ResolverResult<{ subject: string; topic: string; grade_level: string; week_range: string; status: "completed" | "locked" | "in-progress"; progress_percent: number; }, { subject: string; topic: string; grade_level: string; week_range: string; status: "completed" | ... 1 more ... | "in-progress"; progress_percent: num...'.
          Type 'ResolverSuccess<TFieldValues>' is not assignable to type 'ResolverResult<{ subject: string; topic: string; grade_level: string; week_range: string; status: "completed" | "locked" | "in-progress"; progress_percent: number; }, { subject: string; topic: string; grade_level: string; week_range: string; status: "completed" | ... 1 more ... | "in-progress"; progress_percent: num...'.
            Type 'ResolverSuccess<TFieldValues>' is not assignable to type 'ResolverSuccess<{ subject: string; topic: string; grade_level: string; week_range: string; status: "completed" | "locked" | "in-progress"; progress_percent: number; }>'.
              Type 'TFieldValues' is not assignable to type '{ subject: string; topic: string; grade_level: string; week_range: string; status: "completed" | "locked" | "in-progress"; progress_percent: number; }'.
                Type 'FieldValues' is missing the following properties from type '{ subject: string; topic: string; grade_level: string; week_range: string; status: "completed" | "locked" | "in-progress"; progress_percent: number; }': subject, topic, grade_level, week_range, and 2 more.
components/admin/curriculum/milestone-form.tsx(138,33): error TS2322: Type 'Control<{ subject: string; topic: string; grade_level: string; week_range: string; status: "completed" | "locked" | "in-progress"; progress_percent: number; }, any, TFieldValues>' is not assignable to type 'Control<{ subject: string; topic: string; grade_level: string; week_range: string; status: "completed" | "locked" | "in-progress"; progress_percent: number; }, any, { subject: string; topic: string; grade_level: string; week_range: string; status: "completed" | ... 1 more ... | "in-progress"; progress_percent: numbe...'.
  The types of '_options.resolver' are incompatible between these types.
    Type 'Resolver<{ subject: string; topic: string; grade_level: string; week_range: string; status: "completed" | "locked" | "in-progress"; progress_percent: number; }, any, TFieldValues> | undefined' is not assignable to type 'Resolver<{ subject: string; topic: string; grade_level: string; week_range: string; status: "completed" | "locked" | "in-progress"; progress_percent: number; }, any, { subject: string; topic: string; grade_level: string; week_range: string; status: "completed" | ... 1 more ... | "in-progress"; progress_percent: numb...'.
      Type 'Resolver<{ subject: string; topic: string; grade_level: string; week_range: string; status: "completed" | "locked" | "in-progress"; progress_percent: number; }, any, TFieldValues>' is not assignable to type 'Resolver<{ subject: string; topic: string; grade_level: string; week_range: string; status: "completed" | "locked" | "in-progress"; progress_percent: number; }, any, { subject: string; topic: string; grade_level: string; week_range: string; status: "completed" | ... 1 more ... | "in-progress"; progress_percent: numb...'.
        Type 'ResolverResult<{ subject: string; topic: string; grade_level: string; week_range: string; status: "completed" | "locked" | "in-progress"; progress_percent: number; }, TFieldValues> | Promise<...>' is not assignable to type 'ResolverResult<{ subject: string; topic: string; grade_level: string; week_range: string; status: "completed" | "locked" | "in-progress"; progress_percent: number; }, { subject: string; topic: string; grade_level: string; week_range: string; status: "completed" | ... 1 more ... | "in-progress"; progress_percent: num...'.
          Type 'ResolverSuccess<TFieldValues>' is not assignable to type 'ResolverResult<{ subject: string; topic: string; grade_level: string; week_range: string; status: "completed" | "locked" | "in-progress"; progress_percent: number; }, { subject: string; topic: string; grade_level: string; week_range: string; status: "completed" | ... 1 more ... | "in-progress"; progress_percent: num...'.
            Type 'ResolverSuccess<TFieldValues>' is not assignable to type 'ResolverSuccess<{ subject: string; topic: string; grade_level: string; week_range: string; status: "completed" | "locked" | "in-progress"; progress_percent: number; }>'.
              Type 'TFieldValues' is not assignable to type '{ subject: string; topic: string; grade_level: string; week_range: string; status: "completed" | "locked" | "in-progress"; progress_percent: number; }'.
                Type 'FieldValues' is missing the following properties from type '{ subject: string; topic: string; grade_level: string; week_range: string; status: "completed" | "locked" | "in-progress"; progress_percent: number; }': subject, topic, grade_level, week_range, and 2 more.
components/admin/curriculum/milestone-form.tsx(153,29): error TS2322: Type 'Control<{ subject: string; topic: string; grade_level: string; week_range: string; status: "completed" | "locked" | "in-progress"; progress_percent: number; }, any, TFieldValues>' is not assignable to type 'Control<{ subject: string; topic: string; grade_level: string; week_range: string; status: "completed" | "locked" | "in-progress"; progress_percent: number; }, any, { subject: string; topic: string; grade_level: string; week_range: string; status: "completed" | ... 1 more ... | "in-progress"; progress_percent: numbe...'.
  The types of '_options.resolver' are incompatible between these types.
    Type 'Resolver<{ subject: string; topic: string; grade_level: string; week_range: string; status: "completed" | "locked" | "in-progress"; progress_percent: number; }, any, TFieldValues> | undefined' is not assignable to type 'Resolver<{ subject: string; topic: string; grade_level: string; week_range: string; status: "completed" | "locked" | "in-progress"; progress_percent: number; }, any, { subject: string; topic: string; grade_level: string; week_range: string; status: "completed" | ... 1 more ... | "in-progress"; progress_percent: numb...'.
      Type 'Resolver<{ subject: string; topic: string; grade_level: string; week_range: string; status: "completed" | "locked" | "in-progress"; progress_percent: number; }, any, TFieldValues>' is not assignable to type 'Resolver<{ subject: string; topic: string; grade_level: string; week_range: string; status: "completed" | "locked" | "in-progress"; progress_percent: number; }, any, { subject: string; topic: string; grade_level: string; week_range: string; status: "completed" | ... 1 more ... | "in-progress"; progress_percent: numb...'.
        Type 'ResolverResult<{ subject: string; topic: string; grade_level: string; week_range: string; status: "completed" | "locked" | "in-progress"; progress_percent: number; }, TFieldValues> | Promise<...>' is not assignable to type 'ResolverResult<{ subject: string; topic: string; grade_level: string; week_range: string; status: "completed" | "locked" | "in-progress"; progress_percent: number; }, { subject: string; topic: string; grade_level: string; week_range: string; status: "completed" | ... 1 more ... | "in-progress"; progress_percent: num...'.
          Type 'ResolverSuccess<TFieldValues>' is not assignable to type 'ResolverResult<{ subject: string; topic: string; grade_level: string; week_range: string; status: "completed" | "locked" | "in-progress"; progress_percent: number; }, { subject: string; topic: string; grade_level: string; week_range: string; status: "completed" | ... 1 more ... | "in-progress"; progress_percent: num...'.
            Type 'ResolverSuccess<TFieldValues>' is not assignable to type 'ResolverSuccess<{ subject: string; topic: string; grade_level: string; week_range: string; status: "completed" | "locked" | "in-progress"; progress_percent: number; }>'.
              Type 'TFieldValues' is not assignable to type '{ subject: string; topic: string; grade_level: string; week_range: string; status: "completed" | "locked" | "in-progress"; progress_percent: number; }'.
                Type 'FieldValues' is missing the following properties from type '{ subject: string; topic: string; grade_level: string; week_range: string; status: "completed" | "locked" | "in-progress"; progress_percent: number; }': subject, topic, grade_level, week_range, and 2 more.
components/admin/curriculum/milestone-form.tsx(168,33): error TS2322: Type 'Control<{ subject: string; topic: string; grade_level: string; week_range: string; status: "completed" | "locked" | "in-progress"; progress_percent: number; }, any, TFieldValues>' is not assignable to type 'Control<{ subject: string; topic: string; grade_level: string; week_range: string; status: "completed" | "locked" | "in-progress"; progress_percent: number; }, any, { subject: string; topic: string; grade_level: string; week_range: string; status: "completed" | ... 1 more ... | "in-progress"; progress_percent: numbe...'.
  The types of '_options.resolver' are incompatible between these types.
    Type 'Resolver<{ subject: string; topic: string; grade_level: string; week_range: string; status: "completed" | "locked" | "in-progress"; progress_percent: number; }, any, TFieldValues> | undefined' is not assignable to type 'Resolver<{ subject: string; topic: string; grade_level: string; week_range: string; status: "completed" | "locked" | "in-progress"; progress_percent: number; }, any, { subject: string; topic: string; grade_level: string; week_range: string; status: "completed" | ... 1 more ... | "in-progress"; progress_percent: numb...'.
      Type 'Resolver<{ subject: string; topic: string; grade_level: string; week_range: string; status: "completed" | "locked" | "in-progress"; progress_percent: number; }, any, TFieldValues>' is not assignable to type 'Resolver<{ subject: string; topic: string; grade_level: string; week_range: string; status: "completed" | "locked" | "in-progress"; progress_percent: number; }, any, { subject: string; topic: string; grade_level: string; week_range: string; status: "completed" | ... 1 more ... | "in-progress"; progress_percent: numb...'.
        Type 'ResolverResult<{ subject: string; topic: string; grade_level: string; week_range: string; status: "completed" | "locked" | "in-progress"; progress_percent: number; }, TFieldValues> | Promise<...>' is not assignable to type 'ResolverResult<{ subject: string; topic: string; grade_level: string; week_range: string; status: "completed" | "locked" | "in-progress"; progress_percent: number; }, { subject: string; topic: string; grade_level: string; week_range: string; status: "completed" | ... 1 more ... | "in-progress"; progress_percent: num...'.
          Type 'ResolverSuccess<TFieldValues>' is not assignable to type 'ResolverResult<{ subject: string; topic: string; grade_level: string; week_range: string; status: "completed" | "locked" | "in-progress"; progress_percent: number; }, { subject: string; topic: string; grade_level: string; week_range: string; status: "completed" | ... 1 more ... | "in-progress"; progress_percent: num...'.
            Type 'ResolverSuccess<TFieldValues>' is not assignable to type 'ResolverSuccess<{ subject: string; topic: string; grade_level: string; week_range: string; status: "completed" | "locked" | "in-progress"; progress_percent: number; }>'.
              Type 'TFieldValues' is not assignable to type '{ subject: string; topic: string; grade_level: string; week_range: string; status: "completed" | "locked" | "in-progress"; progress_percent: number; }'.
                Type 'FieldValues' is missing the following properties from type '{ subject: string; topic: string; grade_level: string; week_range: string; status: "completed" | "locked" | "in-progress"; progress_percent: number; }': subject, topic, grade_level, week_range, and 2 more.
components/admin/curriculum/milestone-form.tsx(181,33): error TS2322: Type 'Control<{ subject: string; topic: string; grade_level: string; week_range: string; status: "completed" | "locked" | "in-progress"; progress_percent: number; }, any, TFieldValues>' is not assignable to type 'Control<{ subject: string; topic: string; grade_level: string; week_range: string; status: "completed" | "locked" | "in-progress"; progress_percent: number; }, any, { subject: string; topic: string; grade_level: string; week_range: string; status: "completed" | ... 1 more ... | "in-progress"; progress_percent: numbe...'.
  The types of '_options.resolver' are incompatible between these types.
    Type 'Resolver<{ subject: string; topic: string; grade_level: string; week_range: string; status: "completed" | "locked" | "in-progress"; progress_percent: number; }, any, TFieldValues> | undefined' is not assignable to type 'Resolver<{ subject: string; topic: string; grade_level: string; week_range: string; status: "completed" | "locked" | "in-progress"; progress_percent: number; }, any, { subject: string; topic: string; grade_level: string; week_range: string; status: "completed" | ... 1 more ... | "in-progress"; progress_percent: numb...'.
      Type 'Resolver<{ subject: string; topic: string; grade_level: string; week_range: string; status: "completed" | "locked" | "in-progress"; progress_percent: number; }, any, TFieldValues>' is not assignable to type 'Resolver<{ subject: string; topic: string; grade_level: string; week_range: string; status: "completed" | "locked" | "in-progress"; progress_percent: number; }, any, { subject: string; topic: string; grade_level: string; week_range: string; status: "completed" | ... 1 more ... | "in-progress"; progress_percent: numb...'.
        Type 'ResolverResult<{ subject: string; topic: string; grade_level: string; week_range: string; status: "completed" | "locked" | "in-progress"; progress_percent: number; }, TFieldValues> | Promise<...>' is not assignable to type 'ResolverResult<{ subject: string; topic: string; grade_level: string; week_range: string; status: "completed" | "locked" | "in-progress"; progress_percent: number; }, { subject: string; topic: string; grade_level: string; week_range: string; status: "completed" | ... 1 more ... | "in-progress"; progress_percent: num...'.
          Type 'ResolverSuccess<TFieldValues>' is not assignable to type 'ResolverResult<{ subject: string; topic: string; grade_level: string; week_range: string; status: "completed" | "locked" | "in-progress"; progress_percent: number; }, { subject: string; topic: string; grade_level: string; week_range: string; status: "completed" | ... 1 more ... | "in-progress"; progress_percent: num...'.
            Type 'ResolverSuccess<TFieldValues>' is not assignable to type 'ResolverSuccess<{ subject: string; topic: string; grade_level: string; week_range: string; status: "completed" | "locked" | "in-progress"; progress_percent: number; }>'.
              Type 'TFieldValues' is not assignable to type '{ subject: string; topic: string; grade_level: string; week_range: string; status: "completed" | "locked" | "in-progress"; progress_percent: number; }'.
                Type 'FieldValues' is missing the following properties from type '{ subject: string; topic: string; grade_level: string; week_range: string; status: "completed" | "locked" | "in-progress"; progress_percent: number; }': subject, topic, grade_level, week_range, and 2 more.
components/admin/curriculum/milestone-form.tsx(206,33): error TS2322: Type 'Control<{ subject: string; topic: string; grade_level: string; week_range: string; status: "completed" | "locked" | "in-progress"; progress_percent: number; }, any, TFieldValues>' is not assignable to type 'Control<{ subject: string; topic: string; grade_level: string; week_range: string; status: "completed" | "locked" | "in-progress"; progress_percent: number; }, any, { subject: string; topic: string; grade_level: string; week_range: string; status: "completed" | ... 1 more ... | "in-progress"; progress_percent: numbe...'.
  The types of '_options.resolver' are incompatible between these types.
    Type 'Resolver<{ subject: string; topic: string; grade_level: string; week_range: string; status: "completed" | "locked" | "in-progress"; progress_percent: number; }, any, TFieldValues> | undefined' is not assignable to type 'Resolver<{ subject: string; topic: string; grade_level: string; week_range: string; status: "completed" | "locked" | "in-progress"; progress_percent: number; }, any, { subject: string; topic: string; grade_level: string; week_range: string; status: "completed" | ... 1 more ... | "in-progress"; progress_percent: numb...'.
      Type 'Resolver<{ subject: string; topic: string; grade_level: string; week_range: string; status: "completed" | "locked" | "in-progress"; progress_percent: number; }, any, TFieldValues>' is not assignable to type 'Resolver<{ subject: string; topic: string; grade_level: string; week_range: string; status: "completed" | "locked" | "in-progress"; progress_percent: number; }, any, { subject: string; topic: string; grade_level: string; week_range: string; status: "completed" | ... 1 more ... | "in-progress"; progress_percent: numb...'.
        Type 'ResolverResult<{ subject: string; topic: string; grade_level: string; week_range: string; status: "completed" | "locked" | "in-progress"; progress_percent: number; }, TFieldValues> | Promise<...>' is not assignable to type 'ResolverResult<{ subject: string; topic: string; grade_level: string; week_range: string; status: "completed" | "locked" | "in-progress"; progress_percent: number; }, { subject: string; topic: string; grade_level: string; week_range: string; status: "completed" | ... 1 more ... | "in-progress"; progress_percent: num...'.
          Type 'ResolverSuccess<TFieldValues>' is not assignable to type 'ResolverResult<{ subject: string; topic: string; grade_level: string; week_range: string; status: "completed" | "locked" | "in-progress"; progress_percent: number; }, { subject: string; topic: string; grade_level: string; week_range: string; status: "completed" | ... 1 more ... | "in-progress"; progress_percent: num...'.
            Type 'ResolverSuccess<TFieldValues>' is not assignable to type 'ResolverSuccess<{ subject: string; topic: string; grade_level: string; week_range: string; status: "completed" | "locked" | "in-progress"; progress_percent: number; }>'.
              Type 'TFieldValues' is not assignable to type '{ subject: string; topic: string; grade_level: string; week_range: string; status: "completed" | "locked" | "in-progress"; progress_percent: number; }'.
                Type 'FieldValues' is missing the following properties from type '{ subject: string; topic: string; grade_level: string; week_range: string; status: "completed" | "locked" | "in-progress"; progress_percent: number; }': subject, topic, grade_level, week_range, and 2 more.
components/admin/review-modal.tsx(54,60): error TS2345: Argument of type '"lesson_plan" | "gradebook" | "attendance_dispute"' is not assignable to parameter of type '"lesson_plan" | "gradebook"'.
  Type '"attendance_dispute"' is not assignable to type '"lesson_plan" | "gradebook"'.
components/admin/review-modal.tsx(78,59): error TS2345: Argument of type '"lesson_plan" | "gradebook" | "attendance_dispute"' is not assignable to parameter of type '"lesson_plan" | "gradebook"'.
  Type '"attendance_dispute"' is not assignable to type '"lesson_plan" | "gradebook"'.
components/admin/review-modal.tsx(122,57): error TS2367: This comparison appears to be unintentional because the types '"gradebook" | "attendance_dispute"' and '"lesson_note"' have no overlap.
components/bursar/expenses/expense-dashboard.tsx(28,44): error TS2345: Argument of type '{ name: string; value: number; fill: string; }[] | undefined' is not assignable to parameter of type 'SetStateAction<any[]>'.
  Type 'undefined' is not assignable to type 'SetStateAction<any[]>'.
components/bursar/expenses/expense-dashboard.tsx(132,41): error TS2322: Type '(value: number) => string' is not assignable to type 'Formatter<number, NameType> & ((value: number, name: NameType, item: Payload<number, NameType>, index: number, payload: Payload<number, NameType>[]) => ReactNode | [...])'.
  Type '(value: number) => string' is not assignable to type 'Formatter<number, NameType>'.
    Types of parameters 'value' and 'value' are incompatible.
      Type 'number | undefined' is not assignable to type 'number'.
        Type 'undefined' is not assignable to type 'number'.
components/cbt/mock-exam.tsx(30,9): error TS2739: Type 'Timer' is missing the following properties from type 'Timeout': close, _onTimeout, [Symbol.dispose]
components/cbt/source-selector.tsx(116,64): error TS2741: Property 'id' is missing in type '{ question_text: string; options: string[]; correct_option: number; explanation: string; }' but required in type 'BankQuestion'.
components/dashboard/locked-sms-widget.tsx(24,21): error TS2322: Type '{ children: ReactNode; isLocked: boolean; tier: string; requiredTier: string; message: string; onUpgrade: () => void; }' is not assignable to type 'IntrinsicAttributes & LockedWidgetProps'.
  Property 'isLocked' does not exist on type 'IntrinsicAttributes & LockedWidgetProps'.
components/onboarding/executive-tour.tsx(134,11): error TS2740: Type '{ options: { arrowColor: string; backgroundColor: string; overlayColor: string; primaryColor: string; textColor: string; zIndex: number; }; tooltip: { borderRadius: string; border: string; boxShadow: "0 0 20px rgba(6, 182, 212, 0.2)"; padding: string; }; buttonNext: { ...; }; buttonBack: { ...; }; buttonSkip: { ...;...' is missing the following properties from type 'Styles': beacon, beaconInner, beaconOuter, buttonClose, and 10 more.
components/student/profile/id-card-modal.tsx(24,9): error TS2353: Object literal may only specify known properties, and 'content' does not exist in type 'UseReactToPrintOptions'.
lib/actions/admin-attendance-audit.ts(37,102): error TS2339: Property 'name' does not exist on type 'never'.
lib/actions/bursar.ts(68,19): error TS2345: Argument of type '(record: { amount_paid?: number; student?: { class?: { name?: string; }; }; }) => void' is not assignable to parameter of type '(value: { amount_paid: any; student: { class: { name: any; }[]; }[]; }, index: number, array: { amount_paid: any; student: { class: { name: any; }[]; }[]; }[]) => void'.
  Types of parameters 'record' and 'value' are incompatible.
    Type '{ amount_paid: any; student: { class: { name: any; }[]; }[]; }' is not assignable to type '{ amount_paid?: number | undefined; student?: { class?: { name?: string | undefined; } | undefined; } | undefined; }'.
      Types of property 'student' are incompatible.
        Type '{ class: { name: any; }[]; }[]' has no properties in common with type '{ class?: { name?: string | undefined; } | undefined; }'.
lib/actions/communication.ts(655,44): error TS2339: Property 'parent' does not exist on type '{ full_name: any; parent: { full_name: any; phone: any; phone_number: any; }[]; }[]'.
lib/actions/communication.ts(657,48): error TS2339: Property 'full_name' does not exist on type '{ full_name: any; parent: { full_name: any; phone: any; phone_number: any; }[]; }[]'.
lib/actions/communication.ts(671,48): error TS2339: Property 'parent' does not exist on type '{ full_name: any; parent: { full_name: any; phone: any; phone_number: any; }[]; }[]'.
lib/actions/communication.ts(673,53): error TS2339: Property 'full_name' does not exist on type '{ full_name: any; parent: { full_name: any; phone: any; phone_number: any; }[]; }[]'.
lib/actions/expenses.ts(170,30): error TS18047: 'profile' is possibly 'null'.
lib/actions/finance.ts(79,26): error TS18047: 'profile' is possibly 'null'.
lib/actions/finance.ts(89,26): error TS18047: 'profile' is possibly 'null'.
lib/actions/finance.ts(109,26): error TS18047: 'profile' is possibly 'null'.
lib/actions/finance.ts(128,24): error TS18047: 'profile' is possibly 'null'.
lib/actions/finance.ts(274,29): error TS2322: Type 'number | undefined' is not assignable to type 'number'.
  Type 'undefined' is not assignable to type 'number'.
lib/actions/finance.ts(309,22): error TS18047: 'profile' is possibly 'null'.
lib/actions/teacher-lesson-publisher.ts(11,5): error TS2300: Duplicate identifier 'week'.
lib/actions/teacher-lesson-publisher.ts(12,5): error TS2300: Duplicate identifier 'week'.
lib/services/sms-gatekeeper.ts(4,35): error TS2307: Cannot find module './sms' or its corresponding type declarations.
scripts/debug-attendance.ts(35,67): error TS2339: Property 'name' does not exist on type '{ name: any; form_teacher_id: any; }[]'.
scripts/debug-attendance.ts(35,99): error TS2339: Property 'form_teacher_id' does not exist on type '{ name: any; form_teacher_id: any; }[]'.
scripts/fix-user-tenant.ts(80,13): error TS18047: 'profileData' is possibly 'null'.
scripts/fix-user-tenant.ts(83,52): error TS18047: 'profileData' is possibly 'null'.
tailwind.config.ts(81,8): error TS1117: An object literal cannot have multiple properties with the same name.
tailwind.config.ts(82,8): error TS1117: An object literal cannot have multiple properties with the same name.
tailwind.config.ts(115,8): error TS1117: An object literal cannot have multiple properties with the same name.
tailwind.config.ts(123,8): error TS1117: An object literal cannot have multiple properties with the same name.
